# JRE version: OpenJDK Runtime Environment (8.0_242-b01) (build 1.8.0_242-release-1644-b01)
# Java VM: OpenJDK 64-Bit Server VM (25.242-b01 mixed mode windows-amd64 compressed oops)
Heap:
 PSYoungGen      total 364032K, used 277792K [0x00000000d5580000, 0x00000000f4180000, 0x0000000100000000)
  eden space 343552K, 74% used [0x00000000d5580000,0x00000000e50ccf70,0x00000000ea500000)
  from space 20480K, 99% used [0x00000000ea500000,0x00000000eb8fb168,0x00000000eb900000)
  to   space 33280K, 0% used [0x00000000f2100000,0x00000000f2100000,0x00000000f4180000)
 ParOldGen       total 176640K, used 83793K [0x0000000080000000, 0x000000008ac80000, 0x00000000d5580000)
  object space 176640K, 47% used [0x0000000080000000,0x00000000851d47e8,0x000000008ac80000)
 Metaspace       used 90330K, capacity 94952K, committed 95128K, reserved 1132544K
  class space    used 11994K, capacity 12902K, committed 12976K, reserved 1048576K
GC Heap History (10 events):
Event: 10.961 GC heap before
{Heap before GC invocations=12 (full 2):
 PSYoungGen      total 211968K, used 18966K [0x00000000d5580000, 0x00000000e7600000, 0x0000000100000000)
  eden space 200192K, 3% used [0x00000000d5580000,0x00000000d5c86520,0x00000000e1900000)
  from space 11776K, 99% used [0x00000000e1900000,0x00000000e247f2f0,0x00000000e2480000)
  to   space 18944K, 0% used [0x00000000e6380000,0x00000000e6380000,0x00000000e7600000)
 ParOldGen       total 121856K, used 30601K [0x0000000080000000, 0x0000000087700000, 0x00000000d5580000)
  object space 121856K, 25% used [0x0000000080000000,0x0000000081de2418,0x0000000087700000)
 Metaspace       used 56782K, capacity 59030K, committed 59160K, reserved 1099776K
  class space    used 7760K, capacity 8228K, committed 8240K, reserved 1048576K
Event: 10.974 GC heap after
Heap after GC invocations=12 (full 2):
 PSYoungGen      total 276992K, used 9484K [0x00000000d5580000, 0x00000000e9780000, 0x0000000100000000)
  eden space 258048K, 0% used [0x00000000d5580000,0x00000000d5580000,0x00000000e5180000)
  from space 18944K, 50% used [0x00000000e6380000,0x00000000e6cc32e0,0x00000000e7600000)
  to   space 18432K, 0% used [0x00000000e5180000,0x00000000e5180000,0x00000000e6380000)
 ParOldGen       total 121856K, used 33770K [0x0000000080000000, 0x0000000087700000, 0x00000000d5580000)
  object space 121856K, 27% used [0x0000000080000000,0x00000000820fab48,0x0000000087700000)
 Metaspace       used 56782K, capacity 59030K, committed 59160K, reserved 1099776K
  class space    used 7760K, capacity 8228K, committed 8240K, reserved 1048576K
}
Event: 10.974 GC heap before
{Heap before GC invocations=13 (full 3):
 PSYoungGen      total 276992K, used 9484K [0x00000000d5580000, 0x00000000e9780000, 0x0000000100000000)
  eden space 258048K, 0% used [0x00000000d5580000,0x00000000d5580000,0x00000000e5180000)
  from space 18944K, 50% used [0x00000000e6380000,0x00000000e6cc32e0,0x00000000e7600000)
  to   space 18432K, 0% used [0x00000000e5180000,0x00000000e5180000,0x00000000e6380000)
 ParOldGen       total 121856K, used 33770K [0x0000000080000000, 0x0000000087700000, 0x00000000d5580000)
  object space 121856K, 27% used [0x0000000080000000,0x00000000820fab48,0x0000000087700000)
 Metaspace       used 56782K, capacity 59030K, committed 59160K, reserved 1099776K
  class space    used 7760K, capacity 8228K, committed 8240K, reserved 1048576K
Event: 11.187 GC heap after
Heap after GC invocations=13 (full 3):
 PSYoungGen      total 276992K, used 0K [0x00000000d5580000, 0x00000000e9780000, 0x0000000100000000)
  eden space 258048K, 0% used [0x00000000d5580000,0x00000000d5580000,0x00000000e5180000)
  from space 18944K, 0% used [0x00000000e6380000,0x00000000e6380000,0x00000000e7600000)
  to   space 18432K, 0% used [0x00000000e5180000,0x00000000e5180000,0x00000000e6380000)
 ParOldGen       total 176640K, used 40427K [0x0000000080000000, 0x000000008ac80000, 0x00000000d5580000)
  object space 176640K, 22% used [0x0000000080000000,0x000000008277aea0,0x000000008ac80000)
 Metaspace       used 56776K, capacity 59012K, committed 59160K, reserved 1099776K
  class space    used 7758K, capacity 8225K, committed 8240K, reserved 1048576K
}
Event: 14.891 GC heap before
{Heap before GC invocations=14 (full 3):
 PSYoungGen      total 276992K, used 258048K [0x00000000d5580000, 0x00000000e9780000, 0x0000000100000000)
  eden space 258048K, 100% used [0x00000000d5580000,0x00000000e5180000,0x00000000e5180000)
  from space 18944K, 0% used [0x00000000e6380000,0x00000000e6380000,0x00000000e7600000)
  to   space 18432K, 0% used [0x00000000e5180000,0x00000000e5180000,0x00000000e6380000)
 ParOldGen       total 176640K, used 40427K [0x0000000080000000, 0x000000008ac80000, 0x00000000d5580000)
  object space 176640K, 22% used [0x0000000080000000,0x000000008277aea0,0x000000008ac80000)
 Metaspace       used 65584K, capacity 68540K, committed 68632K, reserved 1107968K
  class space    used 8893K, capacity 9497K, committed 9520K, reserved 1048576K
Event: 14.910 GC heap after
Heap after GC invocations=14 (full 3):
 PSYoungGen      total 276480K, used 18412K [0x00000000d5580000, 0x00000000ed500000, 0x0000000100000000)
  eden space 258048K, 0% used [0x00000000d5580000,0x00000000d5580000,0x00000000e5180000)
  from space 18432K, 99% used [0x00000000e5180000,0x00000000e637b2f8,0x00000000e6380000)
  to   space 20992K, 0% used [0x00000000ec080000,0x00000000ec080000,0x00000000ed500000)
 ParOldGen       total 176640K, used 41761K [0x0000000080000000, 0x000000008ac80000, 0x00000000d5580000)
  object space 176640K, 23% used [0x0000000080000000,0x00000000828c8468,0x000000008ac80000)
 Metaspace       used 65584K, capacity 68540K, committed 68632K, reserved 1107968K
  class space    used 8893K, capacity 9497K, committed 9520K, reserved 1048576K
}
Event: 910.874 GC heap before
{Heap before GC invocations=15 (full 3):
 PSYoungGen      total 276480K, used 276460K [0x00000000d5580000, 0x00000000ed500000, 0x0000000100000000)
  eden space 258048K, 100% used [0x00000000d5580000,0x00000000e5180000,0x00000000e5180000)
  from space 18432K, 99% used [0x00000000e5180000,0x00000000e637b2f8,0x00000000e6380000)
  to   space 20992K, 0% used [0x00000000ec080000,0x00000000ec080000,0x00000000ed500000)
 ParOldGen       total 176640K, used 41761K [0x0000000080000000, 0x000000008ac80000, 0x00000000d5580000)
  object space 176640K, 23% used [0x0000000080000000,0x00000000828c8468,0x000000008ac80000)
 Metaspace       used 71628K, capacity 74868K, committed 74904K, reserved 1114112K
  class space    used 9525K, capacity 10127K, committed 10160K, reserved 1048576K
Event: 910.938 GC heap after
Heap after GC invocations=15 (full 3):
 PSYoungGen      total 352256K, used 12690K [0x00000000d5580000, 0x00000000ecd00000, 0x0000000100000000)
  eden space 339456K, 0% used [0x00000000d5580000,0x00000000d5580000,0x00000000ea100000)
  from space 12800K, 99% used [0x00000000ec080000,0x00000000ecce49c0,0x00000000ecd00000)
  to   space 20480K, 0% used [0x00000000ea500000,0x00000000ea500000,0x00000000eb900000)
 ParOldGen       total 176640K, used 55669K [0x0000000080000000, 0x000000008ac80000, 0x00000000d5580000)
  object space 176640K, 31% used [0x0000000080000000,0x000000008365d5d8,0x000000008ac80000)
 Metaspace       used 71628K, capacity 74868K, committed 74904K, reserved 1114112K
  class space    used 9525K, capacity 10127K, committed 10160K, reserved 1048576K
}
Event: 918.323 GC heap before
{Heap before GC invocations=16 (full 3):
 PSYoungGen      total 352256K, used 352141K [0x00000000d5580000, 0x00000000ecd00000, 0x0000000100000000)
  eden space 339456K, 99% used [0x00000000d5580000,0x00000000ea0fec88,0x00000000ea100000)
  from space 12800K, 99% used [0x00000000ec080000,0x00000000ecce49c0,0x00000000ecd00000)
  to   space 20480K, 0% used [0x00000000ea500000,0x00000000ea500000,0x00000000eb900000)
 ParOldGen       total 176640K, used 55669K [0x0000000080000000, 0x000000008ac80000, 0x00000000d5580000)
  object space 176640K, 31% used [0x0000000080000000,0x000000008365d5d8,0x000000008ac80000)
 Metaspace       used 83248K, capacity 86984K, committed 87320K, reserved 1124352K
  class space    used 10970K, capacity 11702K, committed 11824K, reserved 1048576K
Event: 918.392 GC heap after
Heap after GC invocations=16 (full 3):
 PSYoungGen      total 364032K, used 20460K [0x00000000d5580000, 0x00000000f4180000, 0x0000000100000000)
  eden space 343552K, 0% used [0x00000000d5580000,0x00000000d5580000,0x00000000ea500000)
  from space 20480K, 99% used [0x00000000ea500000,0x00000000eb8fb168,0x00000000eb900000)
  to   space 33280K, 0% used [0x00000000f2100000,0x00000000f2100000,0x00000000f4180000)
 ParOldGen       total 176640K, used 83793K [0x0000000080000000, 0x000000008ac80000, 0x00000000d5580000)
  object space 176640K, 47% used [0x0000000080000000,0x00000000851d47e8,0x000000008ac80000)
 Metaspace       used 83248K, capacity 86984K, committed 87320K, reserved 1124352K
  class space    used 10970K, capacity 11702K, committed 11824K, reserved 1048576K
}

